<?xml version="1.0" encoding="UTF-8"?>
<testsuite xmlns:xsi="http://www.w3.org/2001/XMLSchema-instance" xsi:noNamespaceSchemaLocation="https://maven.apache.org/surefire/maven-surefire-plugin/xsd/surefire-test-report-3.0.xsd" version="3.0" name="com.sources.app.dao.OrderMedicineDAOTest" time="0.065" tests="6" errors="0" skipped="0" failures="0">
  <properties>
    <property name="java.specification.version" value="24"/>
    <property name="sun.jnu.encoding" value="UTF-8"/>
    <property name="java.class.path" value="/Users/gp/ensurancePharmacy/backv5/target/test-classes:/Users/gp/ensurancePharmacy/backv5/target/classes:/Users/gp/.m2/repository/com/h2database/h2/2.1.214/h2-2.1.214.jar:/Users/gp/.m2/repository/junit/junit/3.8.1/junit-3.8.1.jar:/Users/gp/.m2/repository/com/oracle/database/jdbc/ojdbc8/19.3.0.0/ojdbc8-19.3.0.0.jar:/Users/gp/.m2/repository/com/oracle/database/jdbc/ucp/19.3.0.0/ucp-19.3.0.0.jar:/Users/gp/.m2/repository/com/oracle/database/security/oraclepki/19.3.0.0/oraclepki-19.3.0.0.jar:/Users/gp/.m2/repository/com/oracle/database/security/osdt_cert/19.3.0.0/osdt_cert-19.3.0.0.jar:/Users/gp/.m2/repository/com/oracle/database/security/osdt_core/19.3.0.0/osdt_core-19.3.0.0.jar:/Users/gp/.m2/repository/com/oracle/database/ha/simplefan/19.3.0.0/simplefan-19.3.0.0.jar:/Users/gp/.m2/repository/com/oracle/database/ha/ons/19.3.0.0/ons-19.3.0.0.jar:/Users/gp/.m2/repository/org/hibernate/orm/hibernate-core/6.6.6.Final/hibernate-core-6.6.6.Final.jar:/Users/gp/.m2/repository/org/jboss/logging/jboss-logging/3.5.0.Final/jboss-logging-3.5.0.Final.jar:/Users/gp/.m2/repository/org/hibernate/common/hibernate-commons-annotations/7.0.3.Final/hibernate-commons-annotations-7.0.3.Final.jar:/Users/gp/.m2/repository/io/smallrye/jandex/3.2.0/jandex-3.2.0.jar:/Users/gp/.m2/repository/com/fasterxml/classmate/1.5.1/classmate-1.5.1.jar:/Users/gp/.m2/repository/net/bytebuddy/byte-buddy/1.15.11/byte-buddy-1.15.11.jar:/Users/gp/.m2/repository/jakarta/xml/bind/jakarta.xml.bind-api/4.0.0/jakarta.xml.bind-api-4.0.0.jar:/Users/gp/.m2/repository/jakarta/activation/jakarta.activation-api/2.1.0/jakarta.activation-api-2.1.0.jar:/Users/gp/.m2/repository/org/glassfish/jaxb/jaxb-runtime/4.0.2/jaxb-runtime-4.0.2.jar:/Users/gp/.m2/repository/org/glassfish/jaxb/jaxb-core/4.0.2/jaxb-core-4.0.2.jar:/Users/gp/.m2/repository/org/eclipse/angus/angus-activation/2.0.0/angus-activation-2.0.0.jar:/Users/gp/.m2/repository/org/glassfish/jaxb/txw2/4.0.2/txw2-4.0.2.jar:/Users/gp/.m2/repository/com/sun/istack/istack-commons-runtime/4.1.1/istack-commons-runtime-4.1.1.jar:/Users/gp/.m2/repository/jakarta/inject/jakarta.inject-api/2.0.1/jakarta.inject-api-2.0.1.jar:/Users/gp/.m2/repository/org/antlr/antlr4-runtime/4.13.0/antlr4-runtime-4.13.0.jar:/Users/gp/.m2/repository/jakarta/transaction/jakarta.transaction-api/2.0.1/jakarta.transaction-api-2.0.1.jar:/Users/gp/.m2/repository/jakarta/persistence/jakarta.persistence-api/3.1.0/jakarta.persistence-api-3.1.0.jar:/Users/gp/.m2/repository/com/fasterxml/jackson/core/jackson-databind/2.15.2/jackson-databind-2.15.2.jar:/Users/gp/.m2/repository/com/fasterxml/jackson/core/jackson-annotations/2.15.2/jackson-annotations-2.15.2.jar:/Users/gp/.m2/repository/com/fasterxml/jackson/core/jackson-core/2.15.2/jackson-core-2.15.2.jar:/Users/gp/.m2/repository/org/junit/jupiter/junit-jupiter-api/5.8.1/junit-jupiter-api-5.8.1.jar:/Users/gp/.m2/repository/org/opentest4j/opentest4j/1.2.0/opentest4j-1.2.0.jar:/Users/gp/.m2/repository/org/junit/platform/junit-platform-commons/1.8.1/junit-platform-commons-1.8.1.jar:/Users/gp/.m2/repository/org/apiguardian/apiguardian-api/1.1.2/apiguardian-api-1.1.2.jar:/Users/gp/.m2/repository/org/junit/jupiter/junit-jupiter-engine/5.8.1/junit-jupiter-engine-5.8.1.jar:/Users/gp/.m2/repository/org/junit/platform/junit-platform-engine/1.8.1/junit-platform-engine-1.8.1.jar:/Users/gp/.m2/repository/javax/ws/rs/javax.ws.rs-api/2.1.1/javax.ws.rs-api-2.1.1.jar:/Users/gp/.m2/repository/org/glassfish/jersey/core/jersey-server/2.35/jersey-server-2.35.jar:/Users/gp/.m2/repository/org/glassfish/jersey/core/jersey-common/2.35/jersey-common-2.35.jar:/Users/gp/.m2/repository/org/glassfish/hk2/osgi-resource-locator/1.0.3/osgi-resource-locator-1.0.3.jar:/Users/gp/.m2/repository/org/glassfish/jersey/core/jersey-client/2.35/jersey-client-2.35.jar:/Users/gp/.m2/repository/jakarta/ws/rs/jakarta.ws.rs-api/2.1.6/jakarta.ws.rs-api-2.1.6.jar:/Users/gp/.m2/repository/jakarta/annotation/jakarta.annotation-api/1.3.5/jakarta.annotation-api-1.3.5.jar:/Users/gp/.m2/repository/org/glassfish/hk2/external/jakarta.inject/2.6.1/jakarta.inject-2.6.1.jar:/Users/gp/.m2/repository/jakarta/validation/jakarta.validation-api/2.0.2/jakarta.validation-api-2.0.2.jar:/Users/gp/.m2/repository/org/glassfish/jersey/containers/jersey-container-servlet/2.35/jersey-container-servlet-2.35.jar:/Users/gp/.m2/repository/org/glassfish/jersey/containers/jersey-container-servlet-core/2.35/jersey-container-servlet-core-2.35.jar:/Users/gp/.m2/repository/org/glassfish/jersey/inject/jersey-hk2/2.35/jersey-hk2-2.35.jar:/Users/gp/.m2/repository/org/glassfish/hk2/hk2-locator/2.6.1/hk2-locator-2.6.1.jar:/Users/gp/.m2/repository/org/glassfish/hk2/external/aopalliance-repackaged/2.6.1/aopalliance-repackaged-2.6.1.jar:/Users/gp/.m2/repository/org/glassfish/hk2/hk2-api/2.6.1/hk2-api-2.6.1.jar:/Users/gp/.m2/repository/org/glassfish/hk2/hk2-utils/2.6.1/hk2-utils-2.6.1.jar:/Users/gp/.m2/repository/org/javassist/javassist/3.25.0-GA/javassist-3.25.0-GA.jar:/Users/gp/.m2/repository/com/googlecode/json-simple/json-simple/1.1.1/json-simple-1.1.1.jar:/Users/gp/.m2/repository/org/mockito/mockito-core/5.12.0/mockito-core-5.12.0.jar:/Users/gp/.m2/repository/net/bytebuddy/byte-buddy-agent/1.15.11/byte-buddy-agent-1.15.11.jar:/Users/gp/.m2/repository/org/objenesis/objenesis/3.3/objenesis-3.3.jar:"/>
    <property name="java.vm.vendor" value="Homebrew"/>
    <property name="sun.arch.data.model" value="64"/>
    <property name="java.vendor.url" value="https://github.com/Homebrew/homebrew-core/issues"/>
    <property name="user.timezone" value="America/Guatemala"/>
    <property name="os.name" value="Mac OS X"/>
    <property name="java.vm.specification.version" value="24"/>
    <property name="sun.java.launcher" value="SUN_STANDARD"/>
    <property name="user.country" value="GT"/>
    <property name="sun.boot.library.path" value="/opt/homebrew/Cellar/openjdk/24.0.1/libexec/openjdk.jdk/Contents/Home/lib"/>
    <property name="sun.java.command" value="/Users/gp/ensurancePharmacy/backv5/target/surefire/surefirebooter12660901597717703863.jar /Users/gp/ensurancePharmacy/backv5/target/surefire 2025-08-24T22-50-36_218-jvmRun1 surefire14464133786048497440tmp surefire_05590650507473233439tmp"/>
    <property name="http.nonProxyHosts" value="local|*.local|169.254/16|*.169.254/16"/>
    <property name="jdk.debug" value="release"/>
    <property name="surefire.test.class.path" value="/Users/gp/ensurancePharmacy/backv5/target/test-classes:/Users/gp/ensurancePharmacy/backv5/target/classes:/Users/gp/.m2/repository/com/h2database/h2/2.1.214/h2-2.1.214.jar:/Users/gp/.m2/repository/junit/junit/3.8.1/junit-3.8.1.jar:/Users/gp/.m2/repository/com/oracle/database/jdbc/ojdbc8/19.3.0.0/ojdbc8-19.3.0.0.jar:/Users/gp/.m2/repository/com/oracle/database/jdbc/ucp/19.3.0.0/ucp-19.3.0.0.jar:/Users/gp/.m2/repository/com/oracle/database/security/oraclepki/19.3.0.0/oraclepki-19.3.0.0.jar:/Users/gp/.m2/repository/com/oracle/database/security/osdt_cert/19.3.0.0/osdt_cert-19.3.0.0.jar:/Users/gp/.m2/repository/com/oracle/database/security/osdt_core/19.3.0.0/osdt_core-19.3.0.0.jar:/Users/gp/.m2/repository/com/oracle/database/ha/simplefan/19.3.0.0/simplefan-19.3.0.0.jar:/Users/gp/.m2/repository/com/oracle/database/ha/ons/19.3.0.0/ons-19.3.0.0.jar:/Users/gp/.m2/repository/org/hibernate/orm/hibernate-core/6.6.6.Final/hibernate-core-6.6.6.Final.jar:/Users/gp/.m2/repository/org/jboss/logging/jboss-logging/3.5.0.Final/jboss-logging-3.5.0.Final.jar:/Users/gp/.m2/repository/org/hibernate/common/hibernate-commons-annotations/7.0.3.Final/hibernate-commons-annotations-7.0.3.Final.jar:/Users/gp/.m2/repository/io/smallrye/jandex/3.2.0/jandex-3.2.0.jar:/Users/gp/.m2/repository/com/fasterxml/classmate/1.5.1/classmate-1.5.1.jar:/Users/gp/.m2/repository/net/bytebuddy/byte-buddy/1.15.11/byte-buddy-1.15.11.jar:/Users/gp/.m2/repository/jakarta/xml/bind/jakarta.xml.bind-api/4.0.0/jakarta.xml.bind-api-4.0.0.jar:/Users/gp/.m2/repository/jakarta/activation/jakarta.activation-api/2.1.0/jakarta.activation-api-2.1.0.jar:/Users/gp/.m2/repository/org/glassfish/jaxb/jaxb-runtime/4.0.2/jaxb-runtime-4.0.2.jar:/Users/gp/.m2/repository/org/glassfish/jaxb/jaxb-core/4.0.2/jaxb-core-4.0.2.jar:/Users/gp/.m2/repository/org/eclipse/angus/angus-activation/2.0.0/angus-activation-2.0.0.jar:/Users/gp/.m2/repository/org/glassfish/jaxb/txw2/4.0.2/txw2-4.0.2.jar:/Users/gp/.m2/repository/com/sun/istack/istack-commons-runtime/4.1.1/istack-commons-runtime-4.1.1.jar:/Users/gp/.m2/repository/jakarta/inject/jakarta.inject-api/2.0.1/jakarta.inject-api-2.0.1.jar:/Users/gp/.m2/repository/org/antlr/antlr4-runtime/4.13.0/antlr4-runtime-4.13.0.jar:/Users/gp/.m2/repository/jakarta/transaction/jakarta.transaction-api/2.0.1/jakarta.transaction-api-2.0.1.jar:/Users/gp/.m2/repository/jakarta/persistence/jakarta.persistence-api/3.1.0/jakarta.persistence-api-3.1.0.jar:/Users/gp/.m2/repository/com/fasterxml/jackson/core/jackson-databind/2.15.2/jackson-databind-2.15.2.jar:/Users/gp/.m2/repository/com/fasterxml/jackson/core/jackson-annotations/2.15.2/jackson-annotations-2.15.2.jar:/Users/gp/.m2/repository/com/fasterxml/jackson/core/jackson-core/2.15.2/jackson-core-2.15.2.jar:/Users/gp/.m2/repository/org/junit/jupiter/junit-jupiter-api/5.8.1/junit-jupiter-api-5.8.1.jar:/Users/gp/.m2/repository/org/opentest4j/opentest4j/1.2.0/opentest4j-1.2.0.jar:/Users/gp/.m2/repository/org/junit/platform/junit-platform-commons/1.8.1/junit-platform-commons-1.8.1.jar:/Users/gp/.m2/repository/org/apiguardian/apiguardian-api/1.1.2/apiguardian-api-1.1.2.jar:/Users/gp/.m2/repository/org/junit/jupiter/junit-jupiter-engine/5.8.1/junit-jupiter-engine-5.8.1.jar:/Users/gp/.m2/repository/org/junit/platform/junit-platform-engine/1.8.1/junit-platform-engine-1.8.1.jar:/Users/gp/.m2/repository/javax/ws/rs/javax.ws.rs-api/2.1.1/javax.ws.rs-api-2.1.1.jar:/Users/gp/.m2/repository/org/glassfish/jersey/core/jersey-server/2.35/jersey-server-2.35.jar:/Users/gp/.m2/repository/org/glassfish/jersey/core/jersey-common/2.35/jersey-common-2.35.jar:/Users/gp/.m2/repository/org/glassfish/hk2/osgi-resource-locator/1.0.3/osgi-resource-locator-1.0.3.jar:/Users/gp/.m2/repository/org/glassfish/jersey/core/jersey-client/2.35/jersey-client-2.35.jar:/Users/gp/.m2/repository/jakarta/ws/rs/jakarta.ws.rs-api/2.1.6/jakarta.ws.rs-api-2.1.6.jar:/Users/gp/.m2/repository/jakarta/annotation/jakarta.annotation-api/1.3.5/jakarta.annotation-api-1.3.5.jar:/Users/gp/.m2/repository/org/glassfish/hk2/external/jakarta.inject/2.6.1/jakarta.inject-2.6.1.jar:/Users/gp/.m2/repository/jakarta/validation/jakarta.validation-api/2.0.2/jakarta.validation-api-2.0.2.jar:/Users/gp/.m2/repository/org/glassfish/jersey/containers/jersey-container-servlet/2.35/jersey-container-servlet-2.35.jar:/Users/gp/.m2/repository/org/glassfish/jersey/containers/jersey-container-servlet-core/2.35/jersey-container-servlet-core-2.35.jar:/Users/gp/.m2/repository/org/glassfish/jersey/inject/jersey-hk2/2.35/jersey-hk2-2.35.jar:/Users/gp/.m2/repository/org/glassfish/hk2/hk2-locator/2.6.1/hk2-locator-2.6.1.jar:/Users/gp/.m2/repository/org/glassfish/hk2/external/aopalliance-repackaged/2.6.1/aopalliance-repackaged-2.6.1.jar:/Users/gp/.m2/repository/org/glassfish/hk2/hk2-api/2.6.1/hk2-api-2.6.1.jar:/Users/gp/.m2/repository/org/glassfish/hk2/hk2-utils/2.6.1/hk2-utils-2.6.1.jar:/Users/gp/.m2/repository/org/javassist/javassist/3.25.0-GA/javassist-3.25.0-GA.jar:/Users/gp/.m2/repository/com/googlecode/json-simple/json-simple/1.1.1/json-simple-1.1.1.jar:/Users/gp/.m2/repository/org/mockito/mockito-core/5.12.0/mockito-core-5.12.0.jar:/Users/gp/.m2/repository/net/bytebuddy/byte-buddy-agent/1.15.11/byte-buddy-agent-1.15.11.jar:/Users/gp/.m2/repository/org/objenesis/objenesis/3.3/objenesis-3.3.jar:"/>
    <property name="sun.cpu.endian" value="little"/>
    <property name="user.home" value="/Users/gp"/>
    <property name="user.language" value="en"/>
    <property name="java.specification.vendor" value="Oracle Corporation"/>
    <property name="java.version.date" value="2025-04-15"/>
    <property name="java.home" value="/opt/homebrew/Cellar/openjdk/24.0.1/libexec/openjdk.jdk/Contents/Home"/>
    <property name="file.separator" value="/"/>
    <property name="basedir" value="/Users/gp/ensurancePharmacy/backv5"/>
    <property name="java.vm.compressedOopsMode" value="Zero based"/>
    <property name="line.separator" value="&#10;"/>
    <property name="java.vm.specification.vendor" value="Oracle Corporation"/>
    <property name="java.specification.name" value="Java Platform API Specification"/>
    <property name="apple.awt.application.name" value="ForkedBooter"/>
    <property name="surefire.real.class.path" value="/Users/gp/ensurancePharmacy/backv5/target/surefire/surefirebooter12660901597717703863.jar"/>
    <property name="sun.management.compiler" value="HotSpot 64-Bit Tiered Compilers"/>
    <property name="ftp.nonProxyHosts" value="local|*.local|169.254/16|*.169.254/16"/>
    <property name="java.runtime.version" value="24.0.1"/>
    <property name="user.name" value="gp"/>
    <property name="stdout.encoding" value="UTF-8"/>
    <property name="path.separator" value=":"/>
    <property name="os.version" value="15.6"/>
    <property name="java.runtime.name" value="OpenJDK Runtime Environment"/>
    <property name="file.encoding" value="UTF-8"/>
    <property name="java.vm.name" value="OpenJDK 64-Bit Server VM"/>
    <property name="java.vendor.version" value="Homebrew"/>
    <property name="localRepository" value="/Users/gp/.m2/repository"/>
    <property name="java.vendor.url.bug" value="https://github.com/Homebrew/homebrew-core/issues"/>
    <property name="java.io.tmpdir" value="/var/folders/gc/wvdkjn_d7277w5wbxhbz905m0000gn/T/"/>
    <property name="java.version" value="24.0.1"/>
    <property name="user.dir" value="/Users/gp/ensurancePharmacy/backv5"/>
    <property name="os.arch" value="aarch64"/>
    <property name="java.vm.specification.name" value="Java Virtual Machine Specification"/>
    <property name="native.encoding" value="UTF-8"/>
    <property name="java.library.path" value="/Users/gp/instant_client:/Users/gp/Library/Java/Extensions:/Library/Java/Extensions:/Network/Library/Java/Extensions:/System/Library/Java/Extensions:/usr/lib/java:."/>
    <property name="java.vm.info" value="mixed mode, sharing"/>
    <property name="stderr.encoding" value="UTF-8"/>
    <property name="java.vendor" value="Homebrew"/>
    <property name="java.vm.version" value="24.0.1"/>
    <property name="sun.io.unicode.encoding" value="UnicodeBig"/>
    <property name="socksNonProxyHosts" value="local|*.local|169.254/16|*.169.254/16"/>
    <property name="java.class.version" value="68.0"/>
  </properties>
  <testcase name="testGetAllAndGetById" classname="com.sources.app.dao.OrderMedicineDAOTest" time="0.019">
    <system-out><![CDATA[Hibernate: select om1_0.ID_MEDICINE,om1_0.ID_ORDER,om1_0.COST,om1_0.QUANTITY,om1_0.TOTAL from ORDERS_MEDICINE om1_0
Hibernate: insert into "USERS" (ADDRESS,BIRTHDATE,CUI,EMAIL,ENABLED,NAME,PASSWORD,PHONE,ID_POLICY,ROL,STATUS,ID_USER) values (?,?,?,?,?,?,?,?,?,?,?,default)
Hibernate: select u1_0.ID_USER,u1_0.ADDRESS,u1_0.BIRTHDATE,u1_0.CUI,u1_0.EMAIL,u1_0.ENABLED,u1_0.NAME,u1_0.PASSWORD,u1_0.PHONE,p1_0.ID_POLICY,p1_0.ENABLED,p1_0.EXPIRATION_DATE,p1_0.PERCENTAGE,u1_0.ROL,u1_0.STATUS from "USERS" u1_0 left join POLICY p1_0 on p1_0.ID_POLICY=u1_0.ID_POLICY where u1_0.ID_USER=?
Hibernate: insert into ORDERS (STATUS,ID_USER,ID_ORDER) values (?,?,default)
Hibernate: insert into MEDICINE (ACTIVE_MEDICAMENT,BRAND,CONCENTRATION,DESCRIPTION,IMAGE,NAME,PRESCRIPTION,PRESENTACION,PRICE,SOLD_UNITS,STOCK,ID_MEDICINE) values (?,?,?,?,?,?,?,?,?,?,?,default)
Hibernate: select o1_0.ID_ORDER,o1_0.STATUS,o1_0.ID_USER,u1_0.ID_USER,u1_0.ADDRESS,u1_0.BIRTHDATE,u1_0.CUI,u1_0.EMAIL,u1_0.ENABLED,u1_0.NAME,u1_0.PASSWORD,u1_0.PHONE,p1_0.ID_POLICY,p1_0.ENABLED,p1_0.EXPIRATION_DATE,p1_0.PERCENTAGE,u1_0.ROL,u1_0.STATUS from ORDERS o1_0 join "USERS" u1_0 on u1_0.ID_USER=o1_0.ID_USER left join POLICY p1_0 on p1_0.ID_POLICY=u1_0.ID_POLICY where o1_0.ID_ORDER=?
Hibernate: select m1_0.ID_MEDICINE,m1_0.ACTIVE_MEDICAMENT,m1_0.BRAND,m1_0.CONCENTRATION,m1_0.DESCRIPTION,m1_0.IMAGE,m1_0.NAME,m1_0.PRESCRIPTION,m1_0.PRESENTACION,m1_0.PRICE,m1_0.SOLD_UNITS,m1_0.STOCK from MEDICINE m1_0 where m1_0.ID_MEDICINE=?
Hibernate: insert into ORDERS_MEDICINE (COST,QUANTITY,TOTAL,ID_MEDICINE,ID_ORDER) values (?,?,?,?,?)
Hibernate: select om1_0.ID_MEDICINE,om1_0.ID_ORDER,om1_0.COST,om1_0.QUANTITY,om1_0.TOTAL from ORDERS_MEDICINE om1_0
Hibernate: select m1_0.ID_MEDICINE,m1_0.ACTIVE_MEDICAMENT,m1_0.BRAND,m1_0.CONCENTRATION,m1_0.DESCRIPTION,m1_0.IMAGE,m1_0.NAME,m1_0.PRESCRIPTION,m1_0.PRESENTACION,m1_0.PRICE,m1_0.SOLD_UNITS,m1_0.STOCK from MEDICINE m1_0 where m1_0.ID_MEDICINE=?
Hibernate: select o1_0.ID_ORDER,o1_0.STATUS,o1_0.ID_USER,u1_0.ID_USER,u1_0.ADDRESS,u1_0.BIRTHDATE,u1_0.CUI,u1_0.EMAIL,u1_0.ENABLED,u1_0.NAME,u1_0.PASSWORD,u1_0.PHONE,p1_0.ID_POLICY,p1_0.ENABLED,p1_0.EXPIRATION_DATE,p1_0.PERCENTAGE,u1_0.ROL,u1_0.STATUS from ORDERS o1_0 join "USERS" u1_0 on u1_0.ID_USER=o1_0.ID_USER left join POLICY p1_0 on p1_0.ID_POLICY=u1_0.ID_POLICY where o1_0.ID_ORDER=?
Hibernate: select om1_0.ID_MEDICINE,om1_0.ID_ORDER,om1_0.COST,m1_0.ID_MEDICINE,m1_0.ACTIVE_MEDICAMENT,m1_0.BRAND,m1_0.CONCENTRATION,m1_0.DESCRIPTION,m1_0.IMAGE,m1_0.NAME,m1_0.PRESCRIPTION,m1_0.PRESENTACION,m1_0.PRICE,m1_0.SOLD_UNITS,m1_0.STOCK,o1_0.ID_ORDER,o1_0.STATUS,o1_0.ID_USER,u1_0.ID_USER,u1_0.ADDRESS,u1_0.BIRTHDATE,u1_0.CUI,u1_0.EMAIL,u1_0.ENABLED,u1_0.NAME,u1_0.PASSWORD,u1_0.PHONE,p1_0.ID_POLICY,p1_0.ENABLED,p1_0.EXPIRATION_DATE,p1_0.PERCENTAGE,u1_0.ROL,u1_0.STATUS,om1_0.QUANTITY,om1_0.TOTAL from ORDERS_MEDICINE om1_0 join MEDICINE m1_0 on m1_0.ID_MEDICINE=om1_0.ID_MEDICINE join ORDERS o1_0 on o1_0.ID_ORDER=om1_0.ID_ORDER join "USERS" u1_0 on u1_0.ID_USER=o1_0.ID_USER left join POLICY p1_0 on p1_0.ID_POLICY=u1_0.ID_POLICY where (om1_0.ID_MEDICINE,om1_0.ID_ORDER) in ((?,?))
]]></system-out>
  </testcase>
  <testcase name="testUpdateOrderMedicine" classname="com.sources.app.dao.OrderMedicineDAOTest" time="0.005">
    <system-out><![CDATA[Hibernate: insert into "USERS" (ADDRESS,BIRTHDATE,CUI,EMAIL,ENABLED,NAME,PASSWORD,PHONE,ID_POLICY,ROL,STATUS,ID_USER) values (?,?,?,?,?,?,?,?,?,?,?,default)
Hibernate: select u1_0.ID_USER,u1_0.ADDRESS,u1_0.BIRTHDATE,u1_0.CUI,u1_0.EMAIL,u1_0.ENABLED,u1_0.NAME,u1_0.PASSWORD,u1_0.PHONE,p1_0.ID_POLICY,p1_0.ENABLED,p1_0.EXPIRATION_DATE,p1_0.PERCENTAGE,u1_0.ROL,u1_0.STATUS from "USERS" u1_0 left join POLICY p1_0 on p1_0.ID_POLICY=u1_0.ID_POLICY where u1_0.ID_USER=?
Hibernate: insert into ORDERS (STATUS,ID_USER,ID_ORDER) values (?,?,default)
Hibernate: insert into MEDICINE (ACTIVE_MEDICAMENT,BRAND,CONCENTRATION,DESCRIPTION,IMAGE,NAME,PRESCRIPTION,PRESENTACION,PRICE,SOLD_UNITS,STOCK,ID_MEDICINE) values (?,?,?,?,?,?,?,?,?,?,?,default)
Hibernate: select o1_0.ID_ORDER,o1_0.STATUS,o1_0.ID_USER,u1_0.ID_USER,u1_0.ADDRESS,u1_0.BIRTHDATE,u1_0.CUI,u1_0.EMAIL,u1_0.ENABLED,u1_0.NAME,u1_0.PASSWORD,u1_0.PHONE,p1_0.ID_POLICY,p1_0.ENABLED,p1_0.EXPIRATION_DATE,p1_0.PERCENTAGE,u1_0.ROL,u1_0.STATUS from ORDERS o1_0 join "USERS" u1_0 on u1_0.ID_USER=o1_0.ID_USER left join POLICY p1_0 on p1_0.ID_POLICY=u1_0.ID_POLICY where o1_0.ID_ORDER=?
Hibernate: select m1_0.ID_MEDICINE,m1_0.ACTIVE_MEDICAMENT,m1_0.BRAND,m1_0.CONCENTRATION,m1_0.DESCRIPTION,m1_0.IMAGE,m1_0.NAME,m1_0.PRESCRIPTION,m1_0.PRESENTACION,m1_0.PRICE,m1_0.SOLD_UNITS,m1_0.STOCK from MEDICINE m1_0 where m1_0.ID_MEDICINE=?
Hibernate: insert into ORDERS_MEDICINE (COST,QUANTITY,TOTAL,ID_MEDICINE,ID_ORDER) values (?,?,?,?,?)
Hibernate: update ORDERS_MEDICINE set COST=?,QUANTITY=?,TOTAL=? where ID_MEDICINE=? and ID_ORDER=?
Hibernate: select om1_0.ID_MEDICINE,om1_0.ID_ORDER,om1_0.COST,m1_0.ID_MEDICINE,m1_0.ACTIVE_MEDICAMENT,m1_0.BRAND,m1_0.CONCENTRATION,m1_0.DESCRIPTION,m1_0.IMAGE,m1_0.NAME,m1_0.PRESCRIPTION,m1_0.PRESENTACION,m1_0.PRICE,m1_0.SOLD_UNITS,m1_0.STOCK,o1_0.ID_ORDER,o1_0.STATUS,o1_0.ID_USER,u1_0.ID_USER,u1_0.ADDRESS,u1_0.BIRTHDATE,u1_0.CUI,u1_0.EMAIL,u1_0.ENABLED,u1_0.NAME,u1_0.PASSWORD,u1_0.PHONE,p1_0.ID_POLICY,p1_0.ENABLED,p1_0.EXPIRATION_DATE,p1_0.PERCENTAGE,u1_0.ROL,u1_0.STATUS,om1_0.QUANTITY,om1_0.TOTAL from ORDERS_MEDICINE om1_0 join MEDICINE m1_0 on m1_0.ID_MEDICINE=om1_0.ID_MEDICINE join ORDERS o1_0 on o1_0.ID_ORDER=om1_0.ID_ORDER join "USERS" u1_0 on u1_0.ID_USER=o1_0.ID_USER left join POLICY p1_0 on p1_0.ID_POLICY=u1_0.ID_POLICY where (om1_0.ID_MEDICINE,om1_0.ID_ORDER) in ((?,?))
]]></system-out>
  </testcase>
  <testcase name="testOrderMedicineFromJsonFile" classname="com.sources.app.dao.OrderMedicineDAOTest" time="0.004"/>
  <testcase name="testGetByIdNotFoundReturnsNull" classname="com.sources.app.dao.OrderMedicineDAOTest" time="0.003">
    <system-out><![CDATA[Hibernate: select om1_0.ID_MEDICINE,om1_0.ID_ORDER,om1_0.COST,m1_0.ID_MEDICINE,m1_0.ACTIVE_MEDICAMENT,m1_0.BRAND,m1_0.CONCENTRATION,m1_0.DESCRIPTION,m1_0.IMAGE,m1_0.NAME,m1_0.PRESCRIPTION,m1_0.PRESENTACION,m1_0.PRICE,m1_0.SOLD_UNITS,m1_0.STOCK,o1_0.ID_ORDER,o1_0.STATUS,o1_0.ID_USER,u1_0.ID_USER,u1_0.ADDRESS,u1_0.BIRTHDATE,u1_0.CUI,u1_0.EMAIL,u1_0.ENABLED,u1_0.NAME,u1_0.PASSWORD,u1_0.PHONE,p1_0.ID_POLICY,p1_0.ENABLED,p1_0.EXPIRATION_DATE,p1_0.PERCENTAGE,u1_0.ROL,u1_0.STATUS,om1_0.QUANTITY,om1_0.TOTAL from ORDERS_MEDICINE om1_0 join MEDICINE m1_0 on m1_0.ID_MEDICINE=om1_0.ID_MEDICINE join ORDERS o1_0 on o1_0.ID_ORDER=om1_0.ID_ORDER join "USERS" u1_0 on u1_0.ID_USER=o1_0.ID_USER left join POLICY p1_0 on p1_0.ID_POLICY=u1_0.ID_POLICY where (om1_0.ID_MEDICINE,om1_0.ID_ORDER) in ((?,?))
]]></system-out>
  </testcase>
  <testcase name="testDeleteByIdSuccessAndNotFound" classname="com.sources.app.dao.OrderMedicineDAOTest" time="0.013">
    <system-out><![CDATA[Hibernate: insert into "USERS" (ADDRESS,BIRTHDATE,CUI,EMAIL,ENABLED,NAME,PASSWORD,PHONE,ID_POLICY,ROL,STATUS,ID_USER) values (?,?,?,?,?,?,?,?,?,?,?,default)
Hibernate: select u1_0.ID_USER,u1_0.ADDRESS,u1_0.BIRTHDATE,u1_0.CUI,u1_0.EMAIL,u1_0.ENABLED,u1_0.NAME,u1_0.PASSWORD,u1_0.PHONE,p1_0.ID_POLICY,p1_0.ENABLED,p1_0.EXPIRATION_DATE,p1_0.PERCENTAGE,u1_0.ROL,u1_0.STATUS from "USERS" u1_0 left join POLICY p1_0 on p1_0.ID_POLICY=u1_0.ID_POLICY where u1_0.ID_USER=?
Hibernate: insert into ORDERS (STATUS,ID_USER,ID_ORDER) values (?,?,default)
Hibernate: insert into MEDICINE (ACTIVE_MEDICAMENT,BRAND,CONCENTRATION,DESCRIPTION,IMAGE,NAME,PRESCRIPTION,PRESENTACION,PRICE,SOLD_UNITS,STOCK,ID_MEDICINE) values (?,?,?,?,?,?,?,?,?,?,?,default)
Hibernate: select o1_0.ID_ORDER,o1_0.STATUS,o1_0.ID_USER,u1_0.ID_USER,u1_0.ADDRESS,u1_0.BIRTHDATE,u1_0.CUI,u1_0.EMAIL,u1_0.ENABLED,u1_0.NAME,u1_0.PASSWORD,u1_0.PHONE,p1_0.ID_POLICY,p1_0.ENABLED,p1_0.EXPIRATION_DATE,p1_0.PERCENTAGE,u1_0.ROL,u1_0.STATUS from ORDERS o1_0 join "USERS" u1_0 on u1_0.ID_USER=o1_0.ID_USER left join POLICY p1_0 on p1_0.ID_POLICY=u1_0.ID_POLICY where o1_0.ID_ORDER=?
Hibernate: select m1_0.ID_MEDICINE,m1_0.ACTIVE_MEDICAMENT,m1_0.BRAND,m1_0.CONCENTRATION,m1_0.DESCRIPTION,m1_0.IMAGE,m1_0.NAME,m1_0.PRESCRIPTION,m1_0.PRESENTACION,m1_0.PRICE,m1_0.SOLD_UNITS,m1_0.STOCK from MEDICINE m1_0 where m1_0.ID_MEDICINE=?
Hibernate: insert into ORDERS_MEDICINE (COST,QUANTITY,TOTAL,ID_MEDICINE,ID_ORDER) values (?,?,?,?,?)
Hibernate: select om1_0.ID_MEDICINE,om1_0.ID_ORDER,om1_0.COST,m1_0.ID_MEDICINE,m1_0.ACTIVE_MEDICAMENT,m1_0.BRAND,m1_0.CONCENTRATION,m1_0.DESCRIPTION,m1_0.IMAGE,m1_0.NAME,m1_0.PRESCRIPTION,m1_0.PRESENTACION,m1_0.PRICE,m1_0.SOLD_UNITS,m1_0.STOCK,o1_0.ID_ORDER,o1_0.STATUS,o1_0.ID_USER,u1_0.ID_USER,u1_0.ADDRESS,u1_0.BIRTHDATE,u1_0.CUI,u1_0.EMAIL,u1_0.ENABLED,u1_0.NAME,u1_0.PASSWORD,u1_0.PHONE,p1_0.ID_POLICY,p1_0.ENABLED,p1_0.EXPIRATION_DATE,p1_0.PERCENTAGE,u1_0.ROL,u1_0.STATUS,om1_0.QUANTITY,om1_0.TOTAL from ORDERS_MEDICINE om1_0 join MEDICINE m1_0 on m1_0.ID_MEDICINE=om1_0.ID_MEDICINE join ORDERS o1_0 on o1_0.ID_ORDER=om1_0.ID_ORDER join "USERS" u1_0 on u1_0.ID_USER=o1_0.ID_USER left join POLICY p1_0 on p1_0.ID_POLICY=u1_0.ID_POLICY where (om1_0.ID_MEDICINE,om1_0.ID_ORDER) in ((?,?))
Hibernate: delete from ORDERS_MEDICINE where ID_MEDICINE=? and ID_ORDER=?
Hibernate: select om1_0.ID_MEDICINE,om1_0.ID_ORDER,om1_0.COST,m1_0.ID_MEDICINE,m1_0.ACTIVE_MEDICAMENT,m1_0.BRAND,m1_0.CONCENTRATION,m1_0.DESCRIPTION,m1_0.IMAGE,m1_0.NAME,m1_0.PRESCRIPTION,m1_0.PRESENTACION,m1_0.PRICE,m1_0.SOLD_UNITS,m1_0.STOCK,o1_0.ID_ORDER,o1_0.STATUS,o1_0.ID_USER,u1_0.ID_USER,u1_0.ADDRESS,u1_0.BIRTHDATE,u1_0.CUI,u1_0.EMAIL,u1_0.ENABLED,u1_0.NAME,u1_0.PASSWORD,u1_0.PHONE,p1_0.ID_POLICY,p1_0.ENABLED,p1_0.EXPIRATION_DATE,p1_0.PERCENTAGE,u1_0.ROL,u1_0.STATUS,om1_0.QUANTITY,om1_0.TOTAL from ORDERS_MEDICINE om1_0 join MEDICINE m1_0 on m1_0.ID_MEDICINE=om1_0.ID_MEDICINE join ORDERS o1_0 on o1_0.ID_ORDER=om1_0.ID_ORDER join "USERS" u1_0 on u1_0.ID_USER=o1_0.ID_USER left join POLICY p1_0 on p1_0.ID_POLICY=u1_0.ID_POLICY where (om1_0.ID_MEDICINE,om1_0.ID_ORDER) in ((?,?))
Hibernate: select om1_0.ID_MEDICINE,om1_0.ID_ORDER,om1_0.COST,m1_0.ID_MEDICINE,m1_0.ACTIVE_MEDICAMENT,m1_0.BRAND,m1_0.CONCENTRATION,m1_0.DESCRIPTION,m1_0.IMAGE,m1_0.NAME,m1_0.PRESCRIPTION,m1_0.PRESENTACION,m1_0.PRICE,m1_0.SOLD_UNITS,m1_0.STOCK,o1_0.ID_ORDER,o1_0.STATUS,o1_0.ID_USER,u1_0.ID_USER,u1_0.ADDRESS,u1_0.BIRTHDATE,u1_0.CUI,u1_0.EMAIL,u1_0.ENABLED,u1_0.NAME,u1_0.PASSWORD,u1_0.PHONE,p1_0.ID_POLICY,p1_0.ENABLED,p1_0.EXPIRATION_DATE,p1_0.PERCENTAGE,u1_0.ROL,u1_0.STATUS,om1_0.QUANTITY,om1_0.TOTAL from ORDERS_MEDICINE om1_0 join MEDICINE m1_0 on m1_0.ID_MEDICINE=om1_0.ID_MEDICINE join ORDERS o1_0 on o1_0.ID_ORDER=om1_0.ID_ORDER join "USERS" u1_0 on u1_0.ID_USER=o1_0.ID_USER left join POLICY p1_0 on p1_0.ID_POLICY=u1_0.ID_POLICY where (om1_0.ID_MEDICINE,om1_0.ID_ORDER) in ((?,?))
Hibernate: select om1_0.ID_MEDICINE,om1_0.ID_ORDER,om1_0.COST,m1_0.ID_MEDICINE,m1_0.ACTIVE_MEDICAMENT,m1_0.BRAND,m1_0.CONCENTRATION,m1_0.DESCRIPTION,m1_0.IMAGE,m1_0.NAME,m1_0.PRESCRIPTION,m1_0.PRESENTACION,m1_0.PRICE,m1_0.SOLD_UNITS,m1_0.STOCK,o1_0.ID_ORDER,o1_0.STATUS,o1_0.ID_USER,u1_0.ID_USER,u1_0.ADDRESS,u1_0.BIRTHDATE,u1_0.CUI,u1_0.EMAIL,u1_0.ENABLED,u1_0.NAME,u1_0.PASSWORD,u1_0.PHONE,p1_0.ID_POLICY,p1_0.ENABLED,p1_0.EXPIRATION_DATE,p1_0.PERCENTAGE,u1_0.ROL,u1_0.STATUS,om1_0.QUANTITY,om1_0.TOTAL from ORDERS_MEDICINE om1_0 join MEDICINE m1_0 on m1_0.ID_MEDICINE=om1_0.ID_MEDICINE join ORDERS o1_0 on o1_0.ID_ORDER=om1_0.ID_ORDER join "USERS" u1_0 on u1_0.ID_USER=o1_0.ID_USER left join POLICY p1_0 on p1_0.ID_POLICY=u1_0.ID_POLICY where (om1_0.ID_MEDICINE,om1_0.ID_ORDER) in ((?,?))
]]></system-out>
  </testcase>
  <testcase name="testCreateOrderMedicineFromJsonWithDependencies" classname="com.sources.app.dao.OrderMedicineDAOTest" time="0.016">
    <system-out><![CDATA[Hibernate: insert into "USERS" (ADDRESS,BIRTHDATE,CUI,EMAIL,ENABLED,NAME,PASSWORD,PHONE,ID_POLICY,ROL,STATUS,ID_USER) values (?,?,?,?,?,?,?,?,?,?,?,default)
Hibernate: select u1_0.ID_USER,u1_0.ADDRESS,u1_0.BIRTHDATE,u1_0.CUI,u1_0.EMAIL,u1_0.ENABLED,u1_0.NAME,u1_0.PASSWORD,u1_0.PHONE,p1_0.ID_POLICY,p1_0.ENABLED,p1_0.EXPIRATION_DATE,p1_0.PERCENTAGE,u1_0.ROL,u1_0.STATUS from "USERS" u1_0 left join POLICY p1_0 on p1_0.ID_POLICY=u1_0.ID_POLICY where u1_0.ID_USER=?
Hibernate: insert into ORDERS (STATUS,ID_USER,ID_ORDER) values (?,?,default)
Hibernate: insert into MEDICINE (ACTIVE_MEDICAMENT,BRAND,CONCENTRATION,DESCRIPTION,IMAGE,NAME,PRESCRIPTION,PRESENTACION,PRICE,SOLD_UNITS,STOCK,ID_MEDICINE) values (?,?,?,?,?,?,?,?,?,?,?,default)
Hibernate: select o1_0.ID_ORDER,o1_0.STATUS,o1_0.ID_USER,u1_0.ID_USER,u1_0.ADDRESS,u1_0.BIRTHDATE,u1_0.CUI,u1_0.EMAIL,u1_0.ENABLED,u1_0.NAME,u1_0.PASSWORD,u1_0.PHONE,p1_0.ID_POLICY,p1_0.ENABLED,p1_0.EXPIRATION_DATE,p1_0.PERCENTAGE,u1_0.ROL,u1_0.STATUS from ORDERS o1_0 join "USERS" u1_0 on u1_0.ID_USER=o1_0.ID_USER left join POLICY p1_0 on p1_0.ID_POLICY=u1_0.ID_POLICY where o1_0.ID_ORDER=?
Hibernate: select m1_0.ID_MEDICINE,m1_0.ACTIVE_MEDICAMENT,m1_0.BRAND,m1_0.CONCENTRATION,m1_0.DESCRIPTION,m1_0.IMAGE,m1_0.NAME,m1_0.PRESCRIPTION,m1_0.PRESENTACION,m1_0.PRICE,m1_0.SOLD_UNITS,m1_0.STOCK from MEDICINE m1_0 where m1_0.ID_MEDICINE=?
Hibernate: insert into ORDERS_MEDICINE (COST,QUANTITY,TOTAL,ID_MEDICINE,ID_ORDER) values (?,?,?,?,?)
]]></system-out>
  </testcase>
</testsuite>